<?xml version="1.0" encoding="UTF-8"?>
<!-- Generated by org.testng.reporters.JUnitReportReporter -->
<testsuite hostname="DESKTOP-O0RSMQB" failures="0" tests="1" name="strings.UnicodeofString" time="0.015" errors="0" timestamp="19 Jul 2019 17:25:10 GMT" skipped="0">
  <testcase classname="strings.UnicodeofString" name="test_01" time="0.015"/>
</testsuite> <!-- strings.UnicodeofString -->
